<?xml version="1.0" encoding="UTF-8"?>
<!-- Generated by org.testng.reporters.JUnitReportReporter -->
<testsuite hostname="A" name="com.tel.MainTest" tests="1" failures="0" timestamp="12 Mar 2015 08:41:29 GMT" time="0.073" errors="0">
  <testcase name="testHello" time="0.073" classname="com.tel.MainTest"/>
</testsuite> <!-- com.tel.MainTest -->
